# JRE version: Java(TM) SE Runtime Environment (12.0.2+10) (build 12.0.2+10)
# Java VM: Java HotSpot(TM) 64-Bit Server VM (12.0.2+10, mixed mode, sharing, tiered, compressed oops, g1 gc, windows-amd64)
Heap:
 garbage-first heap   total 131072K, used 53121K [0x0000000081200000, 0x0000000100000000)
  region size 1024K, 2 young (2048K), 1 survivors (1024K)
 Metaspace       used 9011K, capacity 9348K, committed 9600K, reserved 1058816K
  class space    used 946K, capacity 1110K, committed 1152K, reserved 1048576K
GC Heap History (6 events):
Event: 2.572 GC heap before
{Heap before GC invocations=0 (full 0):
 garbage-first heap   total 131072K, used 62464K [0x0000000081200000, 0x0000000100000000)
  region size 1024K, 14 young (14336K), 0 survivors (0K)
 Metaspace       used 8631K, capacity 8917K, committed 9088K, reserved 1056768K
  class space    used 938K, capacity 1073K, committed 1152K, reserved 1048576K
}
Event: 2.581 GC heap after
{Heap after GC invocations=1 (full 0):
 garbage-first heap   total 131072K, used 52539K [0x0000000081200000, 0x0000000100000000)
  region size 1024K, 2 young (2048K), 2 survivors (2048K)
 Metaspace       used 8631K, capacity 8917K, committed 9088K, reserved 1056768K
  class space    used 938K, capacity 1073K, committed 1152K, reserved 1048576K
}
Event: 3.996 GC heap before
{Heap before GC invocations=1 (full 0):
 garbage-first heap   total 131072K, used 62779K [0x0000000081200000, 0x0000000100000000)
  region size 1024K, 12 young (12288K), 2 survivors (2048K)
 Metaspace       used 8803K, capacity 9045K, committed 9344K, reserved 1056768K
  class space    used 938K, capacity 1073K, committed 1152K, reserved 1048576K
}
Event: 4.000 GC heap after
{Heap after GC invocations=2 (full 0):
 garbage-first heap   total 131072K, used 52710K [0x0000000081200000, 0x0000000100000000)
  region size 1024K, 1 young (1024K), 1 survivors (1024K)
 Metaspace       used 8803K, capacity 9045K, committed 9344K, reserved 1056768K
  class space    used 938K, capacity 1073K, committed 1152K, reserved 1048576K
}
Event: 8.067 GC heap before
{Heap before GC invocations=2 (full 0):
 garbage-first heap   total 131072K, used 84454K [0x0000000081200000, 0x0000000100000000)
  region size 1024K, 33 young (33792K), 1 survivors (1024K)
 Metaspace       used 8974K, capacity 9301K, committed 9600K, reserved 1058816K
  class space    used 939K, capacity 1073K, committed 1152K, reserved 1048576K
}
Event: 8.070 GC heap after
{Heap after GC invocations=3 (full 0):
 garbage-first heap   total 131072K, used 53121K [0x0000000081200000, 0x0000000100000000)
  region size 1024K, 1 young (1024K), 1 survivors (1024K)
 Metaspace       used 8974K, capacity 9301K, committed 9600K, reserved 1058816K
  class space    used 939K, capacity 1073K, committed 1152K, reserved 1048576K
}

