# JRE version: Java(TM) SE Runtime Environment (12.0.2+10) (build 12.0.2+10)
# Java VM: Java HotSpot(TM) 64-Bit Server VM (12.0.2+10, mixed mode, sharing, tiered, compressed oops, g1 gc, windows-amd64)
Heap:
 garbage-first heap   total 131072K, used 54239K [0x0000000081200000, 0x0000000100000000)
  region size 1024K, 3 young (3072K), 1 survivors (1024K)
 Metaspace       used 9174K, capacity 9480K, committed 9600K, reserved 1058816K
  class space    used 948K, capacity 1110K, committed 1152K, reserved 1048576K
GC Heap History (6 events):
Event: 1.883 GC heap before
{Heap before GC invocations=0 (full 0):
 garbage-first heap   total 131072K, used 63488K [0x0000000081200000, 0x0000000100000000)
  region size 1024K, 14 young (14336K), 0 survivors (0K)
 Metaspace       used 8046K, capacity 8377K, committed 8576K, reserved 1056768K
  class space    used 891K, capacity 1041K, committed 1152K, reserved 1048576K
}
Event: 1.887 GC heap after
{Heap after GC invocations=1 (full 0):
 garbage-first heap   total 131072K, used 52400K [0x0000000081200000, 0x0000000100000000)
  region size 1024K, 2 young (2048K), 2 survivors (2048K)
 Metaspace       used 8046K, capacity 8377K, committed 8576K, reserved 1056768K
  class space    used 891K, capacity 1041K, committed 1152K, reserved 1048576K
}
Event: 4.910 GC heap before
{Heap before GC invocations=1 (full 0):
 garbage-first heap   total 131072K, used 59568K [0x0000000081200000, 0x0000000100000000)
  region size 1024K, 9 young (9216K), 2 survivors (2048K)
 Metaspace       used 8204K, capacity 8505K, committed 8832K, reserved 1056768K
  class space    used 905K, capacity 1041K, committed 1152K, reserved 1048576K
}
Event: 4.914 GC heap after
{Heap after GC invocations=2 (full 0):
 garbage-first heap   total 131072K, used 52641K [0x0000000081200000, 0x0000000100000000)
  region size 1024K, 1 young (1024K), 1 survivors (1024K)
 Metaspace       used 8204K, capacity 8505K, committed 8832K, reserved 1056768K
  class space    used 905K, capacity 1041K, committed 1152K, reserved 1048576K
}
Event: 9.464 GC heap before
{Heap before GC invocations=2 (full 0):
 garbage-first heap   total 131072K, used 80289K [0x0000000081200000, 0x0000000100000000)
  region size 1024K, 29 young (29696K), 1 survivors (1024K)
 Metaspace       used 9136K, capacity 9433K, committed 9600K, reserved 1058816K
  class space    used 941K, capacity 1073K, committed 1152K, reserved 1048576K
}
Event: 9.468 GC heap after
{Heap after GC invocations=3 (full 0):
 garbage-first heap   total 131072K, used 53215K [0x0000000081200000, 0x0000000100000000)
  region size 1024K, 1 young (1024K), 1 survivors (1024K)
 Metaspace       used 9136K, capacity 9433K, committed 9600K, reserved 1058816K
  class space    used 941K, capacity 1073K, committed 1152K, reserved 1048576K
}

